<?xml version="1.0" encoding="UTF-8"?>
<robot generator="Robot 3.2.2 (Python 3.9.1 on win32)" generated="20210301 10:59:53.939" rpa="false">
<suite id="s1" name="Lab2" source="C:\Users\wasim El-jomaa\pythonProject Lab2\Test\Lab2.robot">
<test id="s1-t1" name="Valid Login">
<kw name="Begin Web Test" library="Keyword" type="setup">
<kw name="Open Browser" library="SeleniumLibrary">
<doc>Opens a new browser instance to the optional ``url``.</doc>
<arguments>
<arg>about:blank</arg>
<arg>${BROWSER}</arg>
</arguments>
<msg timestamp="20210301 10:59:54.459" level="INFO">Opening browser 'chrome' to base url 'about:blank'.</msg>
<status status="PASS" starttime="20210301 10:59:54.459" endtime="20210301 10:59:56.235"></status>
</kw>
<status status="PASS" starttime="20210301 10:59:54.459" endtime="20210301 10:59:56.235"></status>
</kw>
<kw name="Go to Web Page" library="Keyword">
<kw name="Load Page" library="Keyword">
<kw name="Go To" library="SeleniumLibrary">
<doc>Navigates the current browser window to the provided ``url``.</doc>
<arguments>
<arg>${URL}</arg>
</arguments>
<msg timestamp="20210301 10:59:56.239" level="INFO">Opening url 'https://rental32.infotiv.net/'</msg>
<status status="PASS" starttime="20210301 10:59:56.239" endtime="20210301 10:59:57.690"></status>
</kw>
<status status="PASS" starttime="20210301 10:59:56.237" endtime="20210301 10:59:57.690"></status>
</kw>
<kw name="Verify Page Loaded" library="Keyword">
<kw name="Get Title" library="SeleniumLibrary">
<doc>Returns the title of the current page.</doc>
<assign>
<var>${link_text}</var>
</assign>
<msg timestamp="20210301 10:59:57.703" level="INFO">${link_text} = Infotiv Car Rental</msg>
<status status="PASS" starttime="20210301 10:59:57.691" endtime="20210301 10:59:57.703"></status>
</kw>
<kw name="Should Be Equal" library="BuiltIn">
<doc>Fails if the given objects are unequal.</doc>
<arguments>
<arg>${link_text}</arg>
<arg>Infotiv Car Rental</arg>
</arguments>
<status status="PASS" starttime="20210301 10:59:57.703" endtime="20210301 10:59:57.703"></status>
</kw>
<status status="PASS" starttime="20210301 10:59:57.691" endtime="20210301 10:59:57.704"></status>
</kw>
<status status="PASS" starttime="20210301 10:59:56.236" endtime="20210301 10:59:57.704"></status>
</kw>
<kw name="Click Element" library="SeleniumLibrary">
<doc>Click the element identified by ``locator``.</doc>
<arguments>
<arg>id:email</arg>
</arguments>
<msg timestamp="20210301 10:59:57.704" level="INFO">Clicking element 'id:email'.</msg>
<status status="PASS" starttime="20210301 10:59:57.704" endtime="20210301 10:59:57.816"></status>
</kw>
<kw name="Input Username" library="Keyword">
<arguments>
<arg>${user}</arg>
</arguments>
<kw name="Wait Until Page Contains Element" library="SeleniumLibrary">
<doc>Waits until the element ``locator`` appears on the current page.</doc>
<arguments>
<arg>id:email</arg>
</arguments>
<status status="PASS" starttime="20210301 10:59:57.817" endtime="20210301 10:59:57.827"></status>
</kw>
<kw name="Input Text" library="SeleniumLibrary">
<doc>Types the given ``text`` into the text field identified by ``locator``.</doc>
<arguments>
<arg>id:email</arg>
<arg>${username}</arg>
</arguments>
<msg timestamp="20210301 10:59:57.827" level="INFO">Typing text 'wassimeljomaa@gmail.com' into text field 'id:email'.</msg>
<status status="PASS" starttime="20210301 10:59:57.827" endtime="20210301 10:59:57.937"></status>
</kw>
<status status="PASS" starttime="20210301 10:59:57.817" endtime="20210301 10:59:57.937"></status>
</kw>
<kw name="Click Element" library="SeleniumLibrary">
<doc>Click the element identified by ``locator``.</doc>
<arguments>
<arg>id:password</arg>
</arguments>
<msg timestamp="20210301 10:59:57.938" level="INFO">Clicking element 'id:password'.</msg>
<status status="PASS" starttime="20210301 10:59:57.938" endtime="20210301 10:59:58.013"></status>
</kw>
<kw name="Input Password" library="Keyword">
<arguments>
<arg>${pass}</arg>
</arguments>
<kw name="Input Text" library="SeleniumLibrary">
<doc>Types the given ``text`` into the text field identified by ``locator``.</doc>
<arguments>
<arg>id:password</arg>
<arg>${password}</arg>
</arguments>
<msg timestamp="20210301 10:59:58.014" level="INFO">Typing text 'Eva%eva1407' into text field 'id:password'.</msg>
<status status="PASS" starttime="20210301 10:59:58.014" endtime="20210301 10:59:58.104"></status>
</kw>
<status status="PASS" starttime="20210301 10:59:58.014" endtime="20210301 10:59:58.104"></status>
</kw>
<kw name="Submit Credentials" library="Keyword">
<kw name="Click Element" library="SeleniumLibrary">
<doc>Click the element identified by ``locator``.</doc>
<arguments>
<arg>id:login</arg>
</arguments>
<msg timestamp="20210301 10:59:58.105" level="INFO">Clicking element 'id:login'.</msg>
<status status="PASS" starttime="20210301 10:59:58.105" endtime="20210301 10:59:58.853"></status>
</kw>
<status status="PASS" starttime="20210301 10:59:58.104" endtime="20210301 10:59:58.853"></status>
</kw>
<kw name="Wait Until Page Contains" library="SeleniumLibrary">
<doc>Waits until ``text`` appears on the current page.</doc>
<arguments>
<arg>You are signed in as wasim</arg>
</arguments>
<status status="PASS" starttime="20210301 10:59:58.856" endtime="20210301 10:59:58.886"></status>
</kw>
<kw name="Click Element" library="SeleniumLibrary">
<doc>Click the element identified by ``locator``.</doc>
<arguments>
<arg>id:logout</arg>
</arguments>
<msg timestamp="20210301 10:59:58.887" level="INFO">Clicking element 'id:logout'.</msg>
<status status="PASS" starttime="20210301 10:59:58.887" endtime="20210301 10:59:59.433"></status>
</kw>
<kw name="Wait Until Page Contains Element" library="SeleniumLibrary">
<doc>Waits until the element ``locator`` appears on the current page.</doc>
<arguments>
<arg>id:login</arg>
</arguments>
<status status="PASS" starttime="20210301 10:59:59.434" endtime="20210301 10:59:59.452"></status>
</kw>
<kw name="End Web Test" library="Keyword" type="teardown">
<kw name="Close Browser" library="SeleniumLibrary">
<doc>Closes the current browser.</doc>
<status status="PASS" starttime="20210301 10:59:59.453" endtime="20210301 11:00:01.758"></status>
</kw>
<status status="PASS" starttime="20210301 10:59:59.453" endtime="20210301 11:00:01.759"></status>
</kw>
<doc>This test checks if login functions works with valid credentials</doc>
<tags>
<tag>teststValidLogin</tag>
</tags>
<status status="PASS" starttime="20210301 10:59:54.458" endtime="20210301 11:00:01.760" critical="yes"></status>
</test>
<test id="s1-t2" name="Invalid Login - Wrong username and password">
<kw name="Begin Web Test" library="Keyword" type="setup">
<kw name="Open Browser" library="SeleniumLibrary">
<doc>Opens a new browser instance to the optional ``url``.</doc>
<arguments>
<arg>about:blank</arg>
<arg>${BROWSER}</arg>
</arguments>
<msg timestamp="20210301 11:00:01.771" level="INFO">Opening browser 'chrome' to base url 'about:blank'.</msg>
<status status="PASS" starttime="20210301 11:00:01.767" endtime="20210301 11:00:03.451"></status>
</kw>
<status status="PASS" starttime="20210301 11:00:01.767" endtime="20210301 11:00:03.451"></status>
</kw>
<kw name="Go to Web Page" library="Keyword">
<kw name="Load Page" library="Keyword">
<kw name="Go To" library="SeleniumLibrary">
<doc>Navigates the current browser window to the provided ``url``.</doc>
<arguments>
<arg>${URL}</arg>
</arguments>
<msg timestamp="20210301 11:00:03.454" level="INFO">Opening url 'https://rental32.infotiv.net/'</msg>
<status status="PASS" starttime="20210301 11:00:03.453" endtime="20210301 11:00:04.685"></status>
</kw>
<status status="PASS" starttime="20210301 11:00:03.453" endtime="20210301 11:00:04.686"></status>
</kw>
<kw name="Verify Page Loaded" library="Keyword">
<kw name="Get Title" library="SeleniumLibrary">
<doc>Returns the title of the current page.</doc>
<assign>
<var>${link_text}</var>
</assign>
<msg timestamp="20210301 11:00:04.693" level="INFO">${link_text} = Infotiv Car Rental</msg>
<status status="PASS" starttime="20210301 11:00:04.687" endtime="20210301 11:00:04.693"></status>
</kw>
<kw name="Should Be Equal" library="BuiltIn">
<doc>Fails if the given objects are unequal.</doc>
<arguments>
<arg>${link_text}</arg>
<arg>Infotiv Car Rental</arg>
</arguments>
<status status="PASS" starttime="20210301 11:00:04.693" endtime="20210301 11:00:04.694"></status>
</kw>
<status status="PASS" starttime="20210301 11:00:04.686" endtime="20210301 11:00:04.694"></status>
</kw>
<status status="PASS" starttime="20210301 11:00:03.452" endtime="20210301 11:00:04.694"></status>
</kw>
<kw name="Click Element" library="SeleniumLibrary">
<doc>Click the element identified by ``locator``.</doc>
<arguments>
<arg>id:email</arg>
</arguments>
<msg timestamp="20210301 11:00:04.694" level="INFO">Clicking element 'id:email'.</msg>
<status status="PASS" starttime="20210301 11:00:04.694" endtime="20210301 11:00:04.797"></status>
</kw>
<kw name="Input Username" library="Keyword">
<arguments>
<arg>${feluser}</arg>
</arguments>
<kw name="Wait Until Page Contains Element" library="SeleniumLibrary">
<doc>Waits until the element ``locator`` appears on the current page.</doc>
<arguments>
<arg>id:email</arg>
</arguments>
<status status="PASS" starttime="20210301 11:00:04.798" endtime="20210301 11:00:04.808"></status>
</kw>
<kw name="Input Text" library="SeleniumLibrary">
<doc>Types the given ``text`` into the text field identified by ``locator``.</doc>
<arguments>
<arg>id:email</arg>
<arg>${username}</arg>
</arguments>
<msg timestamp="20210301 11:00:04.809" level="INFO">Typing text 'jhc&lt;c&lt;@hotmail.com' into text field 'id:email'.</msg>
<status status="PASS" starttime="20210301 11:00:04.809" endtime="20210301 11:00:04.901"></status>
</kw>
<status status="PASS" starttime="20210301 11:00:04.797" endtime="20210301 11:00:04.902"></status>
</kw>
<kw name="Click Element" library="SeleniumLibrary">
<doc>Click the element identified by ``locator``.</doc>
<arguments>
<arg>id:password</arg>
</arguments>
<msg timestamp="20210301 11:00:04.902" level="INFO">Clicking element 'id:password'.</msg>
<status status="PASS" starttime="20210301 11:00:04.902" endtime="20210301 11:00:04.976"></status>
</kw>
<kw name="Input Password" library="Keyword">
<arguments>
<arg>${felpass}</arg>
</arguments>
<kw name="Input Text" library="SeleniumLibrary">
<doc>Types the given ``text`` into the text field identified by ``locator``.</doc>
<arguments>
<arg>id:password</arg>
<arg>${password}</arg>
</arguments>
<msg timestamp="20210301 11:00:04.978" level="INFO">Typing text 'jhlgfasds' into text field 'id:password'.</msg>
<status status="PASS" starttime="20210301 11:00:04.977" endtime="20210301 11:00:05.089"></status>
</kw>
<status status="PASS" starttime="20210301 11:00:04.977" endtime="20210301 11:00:05.089"></status>
</kw>
<kw name="Submit Credentials" library="Keyword">
<kw name="Click Element" library="SeleniumLibrary">
<doc>Click the element identified by ``locator``.</doc>
<arguments>
<arg>id:login</arg>
</arguments>
<msg timestamp="20210301 11:00:05.093" level="INFO">Clicking element 'id:login'.</msg>
<status status="PASS" starttime="20210301 11:00:05.092" endtime="20210301 11:00:05.742"></status>
</kw>
<status status="PASS" starttime="20210301 11:00:05.092" endtime="20210301 11:00:05.743"></status>
</kw>
<kw name="Element Should Be Visible" library="SeleniumLibrary">
<doc>Verifies that the element identified by ``locator`` is visible.</doc>
<arguments>
<arg>id:signInError</arg>
</arguments>
<msg timestamp="20210301 11:00:05.797" level="INFO">Element 'id:signInError' is displayed.</msg>
<status status="PASS" starttime="20210301 11:00:05.744" endtime="20210301 11:00:05.797"></status>
</kw>
<kw name="End Web Test" library="Keyword" type="teardown">
<kw name="Close Browser" library="SeleniumLibrary">
<doc>Closes the current browser.</doc>
<status status="PASS" starttime="20210301 11:00:05.800" endtime="20210301 11:00:08.071"></status>
</kw>
<status status="PASS" starttime="20210301 11:00:05.799" endtime="20210301 11:00:08.072"></status>
</kw>
<doc>This test checks if login functions works with the wrong credentials</doc>
<tags>
<tag>testInvalidLogin 1</tag>
</tags>
<status status="PASS" starttime="20210301 11:00:01.766" endtime="20210301 11:00:08.074" critical="yes"></status>
</test>
<test id="s1-t3" name="Invalid login - Right username and wrong password">
<kw name="Begin Web Test" library="Keyword" type="setup">
<kw name="Open Browser" library="SeleniumLibrary">
<doc>Opens a new browser instance to the optional ``url``.</doc>
<arguments>
<arg>about:blank</arg>
<arg>${BROWSER}</arg>
</arguments>
<msg timestamp="20210301 11:00:08.084" level="INFO">Opening browser 'chrome' to base url 'about:blank'.</msg>
<status status="PASS" starttime="20210301 11:00:08.084" endtime="20210301 11:00:09.663"></status>
</kw>
<status status="PASS" starttime="20210301 11:00:08.082" endtime="20210301 11:00:09.663"></status>
</kw>
<kw name="Go to Web Page" library="Keyword">
<kw name="Load Page" library="Keyword">
<kw name="Go To" library="SeleniumLibrary">
<doc>Navigates the current browser window to the provided ``url``.</doc>
<arguments>
<arg>${URL}</arg>
</arguments>
<msg timestamp="20210301 11:00:09.676" level="INFO">Opening url 'https://rental32.infotiv.net/'</msg>
<status status="PASS" starttime="20210301 11:00:09.676" endtime="20210301 11:00:12.908"></status>
</kw>
<status status="PASS" starttime="20210301 11:00:09.675" endtime="20210301 11:00:12.909"></status>
</kw>
<kw name="Verify Page Loaded" library="Keyword">
<kw name="Get Title" library="SeleniumLibrary">
<doc>Returns the title of the current page.</doc>
<assign>
<var>${link_text}</var>
</assign>
<msg timestamp="20210301 11:00:12.917" level="INFO">${link_text} = Infotiv Car Rental</msg>
<status status="PASS" starttime="20210301 11:00:12.910" endtime="20210301 11:00:12.917"></status>
</kw>
<kw name="Should Be Equal" library="BuiltIn">
<doc>Fails if the given objects are unequal.</doc>
<arguments>
<arg>${link_text}</arg>
<arg>Infotiv Car Rental</arg>
</arguments>
<status status="PASS" starttime="20210301 11:00:12.917" endtime="20210301 11:00:12.918"></status>
</kw>
<status status="PASS" starttime="20210301 11:00:12.909" endtime="20210301 11:00:12.918"></status>
</kw>
<status status="PASS" starttime="20210301 11:00:09.674" endtime="20210301 11:00:12.918"></status>
</kw>
<kw name="Click Element" library="SeleniumLibrary">
<doc>Click the element identified by ``locator``.</doc>
<arguments>
<arg>id:email</arg>
</arguments>
<msg timestamp="20210301 11:00:12.918" level="INFO">Clicking element 'id:email'.</msg>
<status status="PASS" starttime="20210301 11:00:12.918" endtime="20210301 11:00:13.035"></status>
</kw>
<kw name="Input Username" library="Keyword">
<arguments>
<arg>${user}</arg>
</arguments>
<kw name="Wait Until Page Contains Element" library="SeleniumLibrary">
<doc>Waits until the element ``locator`` appears on the current page.</doc>
<arguments>
<arg>id:email</arg>
</arguments>
<status status="PASS" starttime="20210301 11:00:13.036" endtime="20210301 11:00:13.044"></status>
</kw>
<kw name="Input Text" library="SeleniumLibrary">
<doc>Types the given ``text`` into the text field identified by ``locator``.</doc>
<arguments>
<arg>id:email</arg>
<arg>${username}</arg>
</arguments>
<msg timestamp="20210301 11:00:13.045" level="INFO">Typing text 'wassimeljomaa@gmail.com' into text field 'id:email'.</msg>
<status status="PASS" starttime="20210301 11:00:13.044" endtime="20210301 11:00:13.149"></status>
</kw>
<status status="PASS" starttime="20210301 11:00:13.035" endtime="20210301 11:00:13.150"></status>
</kw>
<kw name="Click Element" library="SeleniumLibrary">
<doc>Click the element identified by ``locator``.</doc>
<arguments>
<arg>id:password</arg>
</arguments>
<msg timestamp="20210301 11:00:13.150" level="INFO">Clicking element 'id:password'.</msg>
<status status="PASS" starttime="20210301 11:00:13.150" endtime="20210301 11:00:13.213"></status>
</kw>
<kw name="Input Password" library="Keyword">
<arguments>
<arg>${felpass}</arg>
</arguments>
<kw name="Input Text" library="SeleniumLibrary">
<doc>Types the given ``text`` into the text field identified by ``locator``.</doc>
<arguments>
<arg>id:password</arg>
<arg>${password}</arg>
</arguments>
<msg timestamp="20210301 11:00:13.216" level="INFO">Typing text 'jhlgfasds' into text field 'id:password'.</msg>
<status status="PASS" starttime="20210301 11:00:13.216" endtime="20210301 11:00:13.298"></status>
</kw>
<status status="PASS" starttime="20210301 11:00:13.215" endtime="20210301 11:00:13.299"></status>
</kw>
<kw name="Submit Credentials" library="Keyword">
<kw name="Click Element" library="SeleniumLibrary">
<doc>Click the element identified by ``locator``.</doc>
<arguments>
<arg>id:login</arg>
</arguments>
<msg timestamp="20210301 11:00:13.300" level="INFO">Clicking element 'id:login'.</msg>
<status status="PASS" starttime="20210301 11:00:13.300" endtime="20210301 11:00:14.171"></status>
</kw>
<status status="PASS" starttime="20210301 11:00:13.299" endtime="20210301 11:00:14.171"></status>
</kw>
<kw name="Element Should Be Visible" library="SeleniumLibrary">
<doc>Verifies that the element identified by ``locator`` is visible.</doc>
<arguments>
<arg>id:signInError</arg>
</arguments>
<msg timestamp="20210301 11:00:14.231" level="INFO">Element 'id:signInError' is displayed.</msg>
<status status="PASS" starttime="20210301 11:00:14.173" endtime="20210301 11:00:14.231"></status>
</kw>
<kw name="End Web Test" library="Keyword" type="teardown">
<kw name="Close Browser" library="SeleniumLibrary">
<doc>Closes the current browser.</doc>
<status status="PASS" starttime="20210301 11:00:14.232" endtime="20210301 11:00:16.502"></status>
</kw>
<status status="PASS" starttime="20210301 11:00:14.232" endtime="20210301 11:00:16.502"></status>
</kw>
<doc>This test checks if login functions works with the wrong credentials</doc>
<tags>
<tag>testInvalidLogin 2</tag>
</tags>
<status status="PASS" starttime="20210301 11:00:08.079" endtime="20210301 11:00:16.505" critical="yes"></status>
</test>
<test id="s1-t4" name="Invalid login - Wrong username and right password">
<kw name="Begin Web Test" library="Keyword" type="setup">
<kw name="Open Browser" library="SeleniumLibrary">
<doc>Opens a new browser instance to the optional ``url``.</doc>
<arguments>
<arg>about:blank</arg>
<arg>${BROWSER}</arg>
</arguments>
<msg timestamp="20210301 11:00:16.516" level="INFO">Opening browser 'chrome' to base url 'about:blank'.</msg>
<status status="PASS" starttime="20210301 11:00:16.516" endtime="20210301 11:00:18.102"></status>
</kw>
<status status="PASS" starttime="20210301 11:00:16.511" endtime="20210301 11:00:18.102"></status>
</kw>
<kw name="Go to Web Page" library="Keyword">
<kw name="Load Page" library="Keyword">
<kw name="Go To" library="SeleniumLibrary">
<doc>Navigates the current browser window to the provided ``url``.</doc>
<arguments>
<arg>${URL}</arg>
</arguments>
<msg timestamp="20210301 11:00:18.106" level="INFO">Opening url 'https://rental32.infotiv.net/'</msg>
<status status="PASS" starttime="20210301 11:00:18.106" endtime="20210301 11:00:19.642"></status>
</kw>
<status status="PASS" starttime="20210301 11:00:18.104" endtime="20210301 11:00:19.642"></status>
</kw>
<kw name="Verify Page Loaded" library="Keyword">
<kw name="Get Title" library="SeleniumLibrary">
<doc>Returns the title of the current page.</doc>
<assign>
<var>${link_text}</var>
</assign>
<msg timestamp="20210301 11:00:19.650" level="INFO">${link_text} = Infotiv Car Rental</msg>
<status status="PASS" starttime="20210301 11:00:19.643" endtime="20210301 11:00:19.650"></status>
</kw>
<kw name="Should Be Equal" library="BuiltIn">
<doc>Fails if the given objects are unequal.</doc>
<arguments>
<arg>${link_text}</arg>
<arg>Infotiv Car Rental</arg>
</arguments>
<status status="PASS" starttime="20210301 11:00:19.651" endtime="20210301 11:00:19.651"></status>
</kw>
<status status="PASS" starttime="20210301 11:00:19.643" endtime="20210301 11:00:19.651"></status>
</kw>
<status status="PASS" starttime="20210301 11:00:18.103" endtime="20210301 11:00:19.651"></status>
</kw>
<kw name="Click Element" library="SeleniumLibrary">
<doc>Click the element identified by ``locator``.</doc>
<arguments>
<arg>id:email</arg>
</arguments>
<msg timestamp="20210301 11:00:19.651" level="INFO">Clicking element 'id:email'.</msg>
<status status="PASS" starttime="20210301 11:00:19.651" endtime="20210301 11:00:19.746"></status>
</kw>
<kw name="Input Username" library="Keyword">
<arguments>
<arg>${feluser}</arg>
</arguments>
<kw name="Wait Until Page Contains Element" library="SeleniumLibrary">
<doc>Waits until the element ``locator`` appears on the current page.</doc>
<arguments>
<arg>id:email</arg>
</arguments>
<status status="PASS" starttime="20210301 11:00:19.747" endtime="20210301 11:00:19.756"></status>
</kw>
<kw name="Input Text" library="SeleniumLibrary">
<doc>Types the given ``text`` into the text field identified by ``locator``.</doc>
<arguments>
<arg>id:email</arg>
<arg>${username}</arg>
</arguments>
<msg timestamp="20210301 11:00:19.756" level="INFO">Typing text 'jhc&lt;c&lt;@hotmail.com' into text field 'id:email'.</msg>
<status status="PASS" starttime="20210301 11:00:19.756" endtime="20210301 11:00:19.867"></status>
</kw>
<status status="PASS" starttime="20210301 11:00:19.746" endtime="20210301 11:00:19.867"></status>
</kw>
<kw name="Click Element" library="SeleniumLibrary">
<doc>Click the element identified by ``locator``.</doc>
<arguments>
<arg>id:password</arg>
</arguments>
<msg timestamp="20210301 11:00:19.868" level="INFO">Clicking element 'id:password'.</msg>
<status status="PASS" starttime="20210301 11:00:19.868" endtime="20210301 11:00:19.943"></status>
</kw>
<kw name="Input Password" library="Keyword">
<arguments>
<arg>${pass}</arg>
</arguments>
<kw name="Input Text" library="SeleniumLibrary">
<doc>Types the given ``text`` into the text field identified by ``locator``.</doc>
<arguments>
<arg>id:password</arg>
<arg>${password}</arg>
</arguments>
<msg timestamp="20210301 11:00:19.945" level="INFO">Typing text 'Eva%eva1407' into text field 'id:password'.</msg>
<status status="PASS" starttime="20210301 11:00:19.945" endtime="20210301 11:00:20.037"></status>
</kw>
<status status="PASS" starttime="20210301 11:00:19.944" endtime="20210301 11:00:20.038"></status>
</kw>
<kw name="Submit Credentials" library="Keyword">
<kw name="Click Element" library="SeleniumLibrary">
<doc>Click the element identified by ``locator``.</doc>
<arguments>
<arg>id:login</arg>
</arguments>
<msg timestamp="20210301 11:00:20.039" level="INFO">Clicking element 'id:login'.</msg>
<status status="PASS" starttime="20210301 11:00:20.039" endtime="20210301 11:00:20.834"></status>
</kw>
<status status="PASS" starttime="20210301 11:00:20.038" endtime="20210301 11:00:20.835"></status>
</kw>
<kw name="Element Should Be Visible" library="SeleniumLibrary">
<doc>Verifies that the element identified by ``locator`` is visible.</doc>
<arguments>
<arg>id:signInError</arg>
</arguments>
<msg timestamp="20210301 11:00:20.889" level="INFO">Element 'id:signInError' is displayed.</msg>
<status status="PASS" starttime="20210301 11:00:20.836" endtime="20210301 11:00:20.890"></status>
</kw>
<kw name="End Web Test" library="Keyword" type="teardown">
<kw name="Close Browser" library="SeleniumLibrary">
<doc>Closes the current browser.</doc>
<status status="PASS" starttime="20210301 11:00:20.891" endtime="20210301 11:00:23.122"></status>
</kw>
<status status="PASS" starttime="20210301 11:00:20.891" endtime="20210301 11:00:23.123"></status>
</kw>
<doc>This test checks if login functions works with the wrong credentials</doc>
<tags>
<tag>testInvalidLogin 3</tag>
</tags>
<status status="PASS" starttime="20210301 11:00:16.511" endtime="20210301 11:00:23.126" critical="yes"></status>
</test>
<test id="s1-t5" name="User can access website and show available cars">
<kw name="Begin Web Test" library="Keyword" type="setup">
<kw name="Open Browser" library="SeleniumLibrary">
<doc>Opens a new browser instance to the optional ``url``.</doc>
<arguments>
<arg>about:blank</arg>
<arg>${BROWSER}</arg>
</arguments>
<msg timestamp="20210301 11:00:23.137" level="INFO">Opening browser 'chrome' to base url 'about:blank'.</msg>
<status status="PASS" starttime="20210301 11:00:23.133" endtime="20210301 11:00:24.710"></status>
</kw>
<status status="PASS" starttime="20210301 11:00:23.133" endtime="20210301 11:00:24.710"></status>
</kw>
<kw name="Go to Web Page" library="Keyword">
<kw name="Load Page" library="Keyword">
<kw name="Go To" library="SeleniumLibrary">
<doc>Navigates the current browser window to the provided ``url``.</doc>
<arguments>
<arg>${URL}</arg>
</arguments>
<msg timestamp="20210301 11:00:24.716" level="INFO">Opening url 'https://rental32.infotiv.net/'</msg>
<status status="PASS" starttime="20210301 11:00:24.715" endtime="20210301 11:00:26.250"></status>
</kw>
<status status="PASS" starttime="20210301 11:00:24.715" endtime="20210301 11:00:26.250"></status>
</kw>
<kw name="Verify Page Loaded" library="Keyword">
<kw name="Get Title" library="SeleniumLibrary">
<doc>Returns the title of the current page.</doc>
<assign>
<var>${link_text}</var>
</assign>
<msg timestamp="20210301 11:00:26.259" level="INFO">${link_text} = Infotiv Car Rental</msg>
<status status="PASS" starttime="20210301 11:00:26.251" endtime="20210301 11:00:26.259"></status>
</kw>
<kw name="Should Be Equal" library="BuiltIn">
<doc>Fails if the given objects are unequal.</doc>
<arguments>
<arg>${link_text}</arg>
<arg>Infotiv Car Rental</arg>
</arguments>
<status status="PASS" starttime="20210301 11:00:26.259" endtime="20210301 11:00:26.261"></status>
</kw>
<status status="PASS" starttime="20210301 11:00:26.251" endtime="20210301 11:00:26.261"></status>
</kw>
<status status="PASS" starttime="20210301 11:00:24.714" endtime="20210301 11:00:26.261"></status>
</kw>
<kw name="Click Element" library="SeleniumLibrary">
<doc>Click the element identified by ``locator``.</doc>
<arguments>
<arg>id:start</arg>
</arguments>
<msg timestamp="20210301 11:00:26.262" level="INFO">Clicking element 'id:start'.</msg>
<status status="PASS" starttime="20210301 11:00:26.262" endtime="20210301 11:00:26.360"></status>
</kw>
<kw name="Input Pick-up date" library="Keyword">
<arguments>
<arg>${Pick-update}</arg>
</arguments>
<kw name="Wait Until Page Contains Element" library="SeleniumLibrary">
<doc>Waits until the element ``locator`` appears on the current page.</doc>
<arguments>
<arg>id:start</arg>
</arguments>
<status status="PASS" starttime="20210301 11:00:26.362" endtime="20210301 11:00:26.371"></status>
</kw>
<kw name="Input Text" library="SeleniumLibrary">
<doc>Types the given ``text`` into the text field identified by ``locator``.</doc>
<arguments>
<arg>id:start</arg>
<arg>${pickupp}</arg>
</arguments>
<msg timestamp="20210301 11:00:26.372" level="INFO">Typing text '03-28' into text field 'id:start'.</msg>
<status status="PASS" starttime="20210301 11:00:26.372" endtime="20210301 11:00:26.487"></status>
</kw>
<status status="PASS" starttime="20210301 11:00:26.361" endtime="20210301 11:00:26.488"></status>
</kw>
<kw name="Click Element" library="SeleniumLibrary">
<doc>Click the element identified by ``locator``.</doc>
<arguments>
<arg>id:end</arg>
</arguments>
<msg timestamp="20210301 11:00:26.489" level="INFO">Clicking element 'id:end'.</msg>
<status status="PASS" starttime="20210301 11:00:26.488" endtime="20210301 11:00:26.555"></status>
</kw>
<kw name="Input Delivery date" library="Keyword">
<arguments>
<arg>${Deliverydate}</arg>
</arguments>
<kw name="Input Text" library="SeleniumLibrary">
<doc>Types the given ``text`` into the text field identified by ``locator``.</doc>
<arguments>
<arg>id:end</arg>
<arg>${Deliverydate}</arg>
</arguments>
<msg timestamp="20210301 11:00:26.557" level="INFO">Typing text '04-10' into text field 'id:end'.</msg>
<status status="PASS" starttime="20210301 11:00:26.556" endtime="20210301 11:00:26.663"></status>
</kw>
<status status="PASS" starttime="20210301 11:00:26.556" endtime="20210301 11:00:26.664"></status>
</kw>
<kw name="Submit your trip" library="Keyword">
<kw name="Click Element" library="SeleniumLibrary">
<doc>Click the element identified by ``locator``.</doc>
<arguments>
<arg>id:continue</arg>
</arguments>
<msg timestamp="20210301 11:00:26.667" level="INFO">Clicking element 'id:continue'.</msg>
<status status="PASS" starttime="20210301 11:00:26.666" endtime="20210301 11:00:27.875"></status>
</kw>
<status status="PASS" starttime="20210301 11:00:26.664" endtime="20210301 11:00:27.875"></status>
</kw>
<kw name="Wait Until Page Contains" library="SeleniumLibrary">
<doc>Waits until ``text`` appears on the current page.</doc>
<arguments>
<arg>What would you like to drive?</arg>
</arguments>
<status status="PASS" starttime="20210301 11:00:27.875" endtime="20210301 11:00:27.901"></status>
</kw>
<kw name="End Web Test" library="Keyword" type="teardown">
<kw name="Close Browser" library="SeleniumLibrary">
<doc>Closes the current browser.</doc>
<status status="PASS" starttime="20210301 11:00:27.901" endtime="20210301 11:00:30.162"></status>
</kw>
<status status="PASS" starttime="20210301 11:00:27.901" endtime="20210301 11:00:30.163"></status>
</kw>
<doc>This tests the availabilty of cars</doc>
<tags>
<tag>testsValidBookningDate 1</tag>
</tags>
<status status="PASS" starttime="20210301 11:00:23.132" endtime="20210301 11:00:30.166" critical="yes"></status>
</test>
<test id="s1-t6" name="Test wrong start date and correct end date on booking site">
<kw name="Begin Web Test" library="Keyword" type="setup">
<kw name="Open Browser" library="SeleniumLibrary">
<doc>Opens a new browser instance to the optional ``url``.</doc>
<arguments>
<arg>about:blank</arg>
<arg>${BROWSER}</arg>
</arguments>
<msg timestamp="20210301 11:00:30.174" level="INFO">Opening browser 'chrome' to base url 'about:blank'.</msg>
<status status="PASS" starttime="20210301 11:00:30.174" endtime="20210301 11:00:31.859"></status>
</kw>
<status status="PASS" starttime="20210301 11:00:30.174" endtime="20210301 11:00:31.859"></status>
</kw>
<kw name="Go to Web Page" library="Keyword">
<kw name="Load Page" library="Keyword">
<kw name="Go To" library="SeleniumLibrary">
<doc>Navigates the current browser window to the provided ``url``.</doc>
<arguments>
<arg>${URL}</arg>
</arguments>
<msg timestamp="20210301 11:00:31.862" level="INFO">Opening url 'https://rental32.infotiv.net/'</msg>
<status status="PASS" starttime="20210301 11:00:31.861" endtime="20210301 11:00:33.199"></status>
</kw>
<status status="PASS" starttime="20210301 11:00:31.861" endtime="20210301 11:00:33.199"></status>
</kw>
<kw name="Verify Page Loaded" library="Keyword">
<kw name="Get Title" library="SeleniumLibrary">
<doc>Returns the title of the current page.</doc>
<assign>
<var>${link_text}</var>
</assign>
<msg timestamp="20210301 11:00:33.209" level="INFO">${link_text} = Infotiv Car Rental</msg>
<status status="PASS" starttime="20210301 11:00:33.201" endtime="20210301 11:00:33.209"></status>
</kw>
<kw name="Should Be Equal" library="BuiltIn">
<doc>Fails if the given objects are unequal.</doc>
<arguments>
<arg>${link_text}</arg>
<arg>Infotiv Car Rental</arg>
</arguments>
<status status="PASS" starttime="20210301 11:00:33.210" endtime="20210301 11:00:33.210"></status>
</kw>
<status status="PASS" starttime="20210301 11:00:33.200" endtime="20210301 11:00:33.211"></status>
</kw>
<status status="PASS" starttime="20210301 11:00:31.860" endtime="20210301 11:00:33.211"></status>
</kw>
<kw name="Click Element" library="SeleniumLibrary">
<doc>Click the element identified by ``locator``.</doc>
<arguments>
<arg>id:start</arg>
</arguments>
<msg timestamp="20210301 11:00:33.211" level="INFO">Clicking element 'id:start'.</msg>
<status status="PASS" starttime="20210301 11:00:33.211" endtime="20210301 11:00:33.302"></status>
</kw>
<kw name="Input Pick-up date" library="Keyword">
<arguments>
<arg>${feldate}</arg>
</arguments>
<kw name="Wait Until Page Contains Element" library="SeleniumLibrary">
<doc>Waits until the element ``locator`` appears on the current page.</doc>
<arguments>
<arg>id:start</arg>
</arguments>
<status status="PASS" starttime="20210301 11:00:33.303" endtime="20210301 11:00:33.317"></status>
</kw>
<kw name="Input Text" library="SeleniumLibrary">
<doc>Types the given ``text`` into the text field identified by ``locator``.</doc>
<arguments>
<arg>id:start</arg>
<arg>${pickupp}</arg>
</arguments>
<msg timestamp="20210301 11:00:33.317" level="INFO">Typing text '02-12' into text field 'id:start'.</msg>
<status status="PASS" starttime="20210301 11:00:33.317" endtime="20210301 11:00:33.431"></status>
</kw>
<status status="PASS" starttime="20210301 11:00:33.303" endtime="20210301 11:00:33.431"></status>
</kw>
<kw name="Click Element" library="SeleniumLibrary">
<doc>Click the element identified by ``locator``.</doc>
<arguments>
<arg>id:end</arg>
</arguments>
<msg timestamp="20210301 11:00:33.432" level="INFO">Clicking element 'id:end'.</msg>
<status status="PASS" starttime="20210301 11:00:33.432" endtime="20210301 11:00:33.499"></status>
</kw>
<kw name="Input Delivery date" library="Keyword">
<arguments>
<arg>${Deliverydate}</arg>
</arguments>
<kw name="Input Text" library="SeleniumLibrary">
<doc>Types the given ``text`` into the text field identified by ``locator``.</doc>
<arguments>
<arg>id:end</arg>
<arg>${Deliverydate}</arg>
</arguments>
<msg timestamp="20210301 11:00:33.501" level="INFO">Typing text '04-10' into text field 'id:end'.</msg>
<status status="PASS" starttime="20210301 11:00:33.500" endtime="20210301 11:00:33.603"></status>
</kw>
<status status="PASS" starttime="20210301 11:00:33.500" endtime="20210301 11:00:33.603"></status>
</kw>
<kw name="Submit your trip" library="Keyword">
<kw name="Click Element" library="SeleniumLibrary">
<doc>Click the element identified by ``locator``.</doc>
<arguments>
<arg>id:continue</arg>
</arguments>
<msg timestamp="20210301 11:00:33.604" level="INFO">Clicking element 'id:continue'.</msg>
<status status="PASS" starttime="20210301 11:00:33.604" endtime="20210301 11:00:33.709"></status>
</kw>
<status status="PASS" starttime="20210301 11:00:33.604" endtime="20210301 11:00:33.711"></status>
</kw>
<kw name="Wait Until Element Is Visible" library="SeleniumLibrary">
<doc>Waits until the element ``locator`` is visible.</doc>
<arguments>
<arg>css:#start:invalid</arg>
</arguments>
<status status="PASS" starttime="20210301 11:00:33.715" endtime="20210301 11:00:33.757"></status>
</kw>
<kw name="End Web Test" library="Keyword" type="teardown">
<kw name="Close Browser" library="SeleniumLibrary">
<doc>Closes the current browser.</doc>
<status status="PASS" starttime="20210301 11:00:33.758" endtime="20210301 11:00:36.009"></status>
</kw>
<status status="PASS" starttime="20210301 11:00:33.758" endtime="20210301 11:00:36.010"></status>
</kw>
<doc>This tests the wrong start date but with the correct end date when booking a car</doc>
<tags>
<tag>testsInvalidBookningDate 1</tag>
</tags>
<status status="PASS" starttime="20210301 11:00:30.171" endtime="20210301 11:00:36.012" critical="yes"></status>
</test>
<test id="s1-t7" name="Test correct start date and wrong end date on booking site">
<kw name="Begin Web Test" library="Keyword" type="setup">
<kw name="Open Browser" library="SeleniumLibrary">
<doc>Opens a new browser instance to the optional ``url``.</doc>
<arguments>
<arg>about:blank</arg>
<arg>${BROWSER}</arg>
</arguments>
<msg timestamp="20210301 11:00:36.023" level="INFO">Opening browser 'chrome' to base url 'about:blank'.</msg>
<status status="PASS" starttime="20210301 11:00:36.019" endtime="20210301 11:00:37.617"></status>
</kw>
<status status="PASS" starttime="20210301 11:00:36.019" endtime="20210301 11:00:37.618"></status>
</kw>
<kw name="Go to Web Page" library="Keyword">
<kw name="Load Page" library="Keyword">
<kw name="Go To" library="SeleniumLibrary">
<doc>Navigates the current browser window to the provided ``url``.</doc>
<arguments>
<arg>${URL}</arg>
</arguments>
<msg timestamp="20210301 11:00:37.618" level="INFO">Opening url 'https://rental32.infotiv.net/'</msg>
<status status="PASS" starttime="20210301 11:00:37.618" endtime="20210301 11:00:38.931"></status>
</kw>
<status status="PASS" starttime="20210301 11:00:37.618" endtime="20210301 11:00:38.931"></status>
</kw>
<kw name="Verify Page Loaded" library="Keyword">
<kw name="Get Title" library="SeleniumLibrary">
<doc>Returns the title of the current page.</doc>
<assign>
<var>${link_text}</var>
</assign>
<msg timestamp="20210301 11:00:38.942" level="INFO">${link_text} = Infotiv Car Rental</msg>
<status status="PASS" starttime="20210301 11:00:38.931" endtime="20210301 11:00:38.942"></status>
</kw>
<kw name="Should Be Equal" library="BuiltIn">
<doc>Fails if the given objects are unequal.</doc>
<arguments>
<arg>${link_text}</arg>
<arg>Infotiv Car Rental</arg>
</arguments>
<status status="PASS" starttime="20210301 11:00:38.942" endtime="20210301 11:00:38.943"></status>
</kw>
<status status="PASS" starttime="20210301 11:00:38.931" endtime="20210301 11:00:38.943"></status>
</kw>
<status status="PASS" starttime="20210301 11:00:37.618" endtime="20210301 11:00:38.943"></status>
</kw>
<kw name="Click Element" library="SeleniumLibrary">
<doc>Click the element identified by ``locator``.</doc>
<arguments>
<arg>id:start</arg>
</arguments>
<msg timestamp="20210301 11:00:38.943" level="INFO">Clicking element 'id:start'.</msg>
<status status="PASS" starttime="20210301 11:00:38.943" endtime="20210301 11:00:39.048"></status>
</kw>
<kw name="Input Pick-up date" library="Keyword">
<arguments>
<arg>${Pick-update}</arg>
</arguments>
<kw name="Wait Until Page Contains Element" library="SeleniumLibrary">
<doc>Waits until the element ``locator`` appears on the current page.</doc>
<arguments>
<arg>id:start</arg>
</arguments>
<status status="PASS" starttime="20210301 11:00:39.048" endtime="20210301 11:00:39.058"></status>
</kw>
<kw name="Input Text" library="SeleniumLibrary">
<doc>Types the given ``text`` into the text field identified by ``locator``.</doc>
<arguments>
<arg>id:start</arg>
<arg>${pickupp}</arg>
</arguments>
<msg timestamp="20210301 11:00:39.060" level="INFO">Typing text '03-28' into text field 'id:start'.</msg>
<status status="PASS" starttime="20210301 11:00:39.059" endtime="20210301 11:00:39.166"></status>
</kw>
<status status="PASS" starttime="20210301 11:00:39.048" endtime="20210301 11:00:39.166"></status>
</kw>
<kw name="Click Element" library="SeleniumLibrary">
<doc>Click the element identified by ``locator``.</doc>
<arguments>
<arg>id:end</arg>
</arguments>
<msg timestamp="20210301 11:00:39.166" level="INFO">Clicking element 'id:end'.</msg>
<status status="PASS" starttime="20210301 11:00:39.166" endtime="20210301 11:00:39.236"></status>
</kw>
<kw name="Input Delivery date" library="Keyword">
<arguments>
<arg>${feldate}</arg>
</arguments>
<kw name="Input Text" library="SeleniumLibrary">
<doc>Types the given ``text`` into the text field identified by ``locator``.</doc>
<arguments>
<arg>id:end</arg>
<arg>${Deliverydate}</arg>
</arguments>
<msg timestamp="20210301 11:00:39.237" level="INFO">Typing text '02-12' into text field 'id:end'.</msg>
<status status="PASS" starttime="20210301 11:00:39.237" endtime="20210301 11:00:39.332"></status>
</kw>
<status status="PASS" starttime="20210301 11:00:39.236" endtime="20210301 11:00:39.332"></status>
</kw>
<kw name="Submit your trip" library="Keyword">
<kw name="Click Element" library="SeleniumLibrary">
<doc>Click the element identified by ``locator``.</doc>
<arguments>
<arg>id:continue</arg>
</arguments>
<msg timestamp="20210301 11:00:39.332" level="INFO">Clicking element 'id:continue'.</msg>
<status status="PASS" starttime="20210301 11:00:39.332" endtime="20210301 11:00:39.435"></status>
</kw>
<status status="PASS" starttime="20210301 11:00:39.332" endtime="20210301 11:00:39.435"></status>
</kw>
<kw name="Wait Until Element Is Visible" library="SeleniumLibrary">
<doc>Waits until the element ``locator`` is visible.</doc>
<arguments>
<arg>css:#end:invalid</arg>
</arguments>
<status status="PASS" starttime="20210301 11:00:39.436" endtime="20210301 11:00:39.492"></status>
</kw>
<kw name="End Web Test" library="Keyword" type="teardown">
<kw name="Close Browser" library="SeleniumLibrary">
<doc>Closes the current browser.</doc>
<status status="PASS" starttime="20210301 11:00:39.494" endtime="20210301 11:00:41.753"></status>
</kw>
<status status="PASS" starttime="20210301 11:00:39.493" endtime="20210301 11:00:41.753"></status>
</kw>
<doc>This tests the correct start date but with the wrong end date when booking a car</doc>
<tags>
<tag>testsInvalidBookningDate 2</tag>
</tags>
<status status="PASS" starttime="20210301 11:00:36.018" endtime="20210301 11:00:41.755" critical="yes"></status>
</test>
<test id="s1-t8" name="Test that user can go through the whole booking flow">
<kw name="Begin Web Test" library="Keyword" type="setup">
<kw name="Open Browser" library="SeleniumLibrary">
<doc>Opens a new browser instance to the optional ``url``.</doc>
<arguments>
<arg>about:blank</arg>
<arg>${BROWSER}</arg>
</arguments>
<msg timestamp="20210301 11:00:41.766" level="INFO">Opening browser 'chrome' to base url 'about:blank'.</msg>
<status status="PASS" starttime="20210301 11:00:41.761" endtime="20210301 11:00:43.312"></status>
</kw>
<status status="PASS" starttime="20210301 11:00:41.761" endtime="20210301 11:00:43.312"></status>
</kw>
<kw name="Go to Web Page" library="Keyword">
<kw name="Load Page" library="Keyword">
<kw name="Go To" library="SeleniumLibrary">
<doc>Navigates the current browser window to the provided ``url``.</doc>
<arguments>
<arg>${URL}</arg>
</arguments>
<msg timestamp="20210301 11:00:43.316" level="INFO">Opening url 'https://rental32.infotiv.net/'</msg>
<status status="PASS" starttime="20210301 11:00:43.316" endtime="20210301 11:00:44.663"></status>
</kw>
<status status="PASS" starttime="20210301 11:00:43.315" endtime="20210301 11:00:44.664"></status>
</kw>
<kw name="Verify Page Loaded" library="Keyword">
<kw name="Get Title" library="SeleniumLibrary">
<doc>Returns the title of the current page.</doc>
<assign>
<var>${link_text}</var>
</assign>
<msg timestamp="20210301 11:00:44.675" level="INFO">${link_text} = Infotiv Car Rental</msg>
<status status="PASS" starttime="20210301 11:00:44.664" endtime="20210301 11:00:44.675"></status>
</kw>
<kw name="Should Be Equal" library="BuiltIn">
<doc>Fails if the given objects are unequal.</doc>
<arguments>
<arg>${link_text}</arg>
<arg>Infotiv Car Rental</arg>
</arguments>
<status status="PASS" starttime="20210301 11:00:44.675" endtime="20210301 11:00:44.676"></status>
</kw>
<status status="PASS" starttime="20210301 11:00:44.664" endtime="20210301 11:00:44.676"></status>
</kw>
<status status="PASS" starttime="20210301 11:00:43.314" endtime="20210301 11:00:44.676"></status>
</kw>
<kw name="Given that the user is logged in" library="Keyword">
<kw name="Click Element" library="SeleniumLibrary">
<doc>Click the element identified by ``locator``.</doc>
<arguments>
<arg>id:email</arg>
</arguments>
<msg timestamp="20210301 11:00:44.677" level="INFO">Clicking element 'id:email'.</msg>
<status status="PASS" starttime="20210301 11:00:44.677" endtime="20210301 11:00:44.780"></status>
</kw>
<kw name="Input Username" library="Keyword">
<arguments>
<arg>${user}</arg>
</arguments>
<kw name="Wait Until Page Contains Element" library="SeleniumLibrary">
<doc>Waits until the element ``locator`` appears on the current page.</doc>
<arguments>
<arg>id:email</arg>
</arguments>
<status status="PASS" starttime="20210301 11:00:44.781" endtime="20210301 11:00:44.794"></status>
</kw>
<kw name="Input Text" library="SeleniumLibrary">
<doc>Types the given ``text`` into the text field identified by ``locator``.</doc>
<arguments>
<arg>id:email</arg>
<arg>${username}</arg>
</arguments>
<msg timestamp="20210301 11:00:44.795" level="INFO">Typing text 'wassimeljomaa@gmail.com' into text field 'id:email'.</msg>
<status status="PASS" starttime="20210301 11:00:44.794" endtime="20210301 11:00:44.905"></status>
</kw>
<status status="PASS" starttime="20210301 11:00:44.781" endtime="20210301 11:00:44.905"></status>
</kw>
<kw name="Click Element" library="SeleniumLibrary">
<doc>Click the element identified by ``locator``.</doc>
<arguments>
<arg>id:password</arg>
</arguments>
<msg timestamp="20210301 11:00:44.905" level="INFO">Clicking element 'id:password'.</msg>
<status status="PASS" starttime="20210301 11:00:44.905" endtime="20210301 11:00:44.969"></status>
</kw>
<kw name="Input Password" library="Keyword">
<arguments>
<arg>${pass}</arg>
</arguments>
<kw name="Input Text" library="SeleniumLibrary">
<doc>Types the given ``text`` into the text field identified by ``locator``.</doc>
<arguments>
<arg>id:password</arg>
<arg>${password}</arg>
</arguments>
<msg timestamp="20210301 11:00:44.971" level="INFO">Typing text 'Eva%eva1407' into text field 'id:password'.</msg>
<status status="PASS" starttime="20210301 11:00:44.970" endtime="20210301 11:00:45.057"></status>
</kw>
<status status="PASS" starttime="20210301 11:00:44.969" endtime="20210301 11:00:45.057"></status>
</kw>
<kw name="Submit Credentials" library="Keyword">
<kw name="Click Element" library="SeleniumLibrary">
<doc>Click the element identified by ``locator``.</doc>
<arguments>
<arg>id:login</arg>
</arguments>
<msg timestamp="20210301 11:00:45.058" level="INFO">Clicking element 'id:login'.</msg>
<status status="PASS" starttime="20210301 11:00:45.058" endtime="20210301 11:00:45.744"></status>
</kw>
<status status="PASS" starttime="20210301 11:00:45.057" endtime="20210301 11:00:45.745"></status>
</kw>
<kw name="Wait Until Page Contains" library="SeleniumLibrary">
<doc>Waits until ``text`` appears on the current page.</doc>
<arguments>
<arg>You are signed in as wasim</arg>
</arguments>
<status status="PASS" starttime="20210301 11:00:45.745" endtime="20210301 11:00:45.768"></status>
</kw>
<status status="PASS" starttime="20210301 11:00:44.677" endtime="20210301 11:00:45.768"></status>
</kw>
<kw name="When the user books a car" library="Keyword">
<kw name="Click Element" library="SeleniumLibrary">
<doc>Click the element identified by ``locator``.</doc>
<arguments>
<arg>id:start</arg>
</arguments>
<msg timestamp="20210301 11:00:45.768" level="INFO">Clicking element 'id:start'.</msg>
<status status="PASS" starttime="20210301 11:00:45.768" endtime="20210301 11:00:45.843"></status>
</kw>
<kw name="Input Pick-up date" library="Keyword">
<arguments>
<arg>${Pick-update}</arg>
</arguments>
<kw name="Wait Until Page Contains Element" library="SeleniumLibrary">
<doc>Waits until the element ``locator`` appears on the current page.</doc>
<arguments>
<arg>id:start</arg>
</arguments>
<status status="PASS" starttime="20210301 11:00:45.844" endtime="20210301 11:00:45.853"></status>
</kw>
<kw name="Input Text" library="SeleniumLibrary">
<doc>Types the given ``text`` into the text field identified by ``locator``.</doc>
<arguments>
<arg>id:start</arg>
<arg>${pickupp}</arg>
</arguments>
<msg timestamp="20210301 11:00:45.853" level="INFO">Typing text '03-28' into text field 'id:start'.</msg>
<status status="PASS" starttime="20210301 11:00:45.853" endtime="20210301 11:00:45.953"></status>
</kw>
<status status="PASS" starttime="20210301 11:00:45.843" endtime="20210301 11:00:45.953"></status>
</kw>
<kw name="Click Element" library="SeleniumLibrary">
<doc>Click the element identified by ``locator``.</doc>
<arguments>
<arg>id:end</arg>
</arguments>
<msg timestamp="20210301 11:00:45.953" level="INFO">Clicking element 'id:end'.</msg>
<status status="PASS" starttime="20210301 11:00:45.953" endtime="20210301 11:00:46.017"></status>
</kw>
<kw name="Input Delivery date" library="Keyword">
<arguments>
<arg>${Deliverydate}</arg>
</arguments>
<kw name="Input Text" library="SeleniumLibrary">
<doc>Types the given ``text`` into the text field identified by ``locator``.</doc>
<arguments>
<arg>id:end</arg>
<arg>${Deliverydate}</arg>
</arguments>
<msg timestamp="20210301 11:00:46.019" level="INFO">Typing text '04-10' into text field 'id:end'.</msg>
<status status="PASS" starttime="20210301 11:00:46.018" endtime="20210301 11:00:46.111"></status>
</kw>
<status status="PASS" starttime="20210301 11:00:46.018" endtime="20210301 11:00:46.111"></status>
</kw>
<kw name="Submit your trip" library="Keyword">
<kw name="Click Element" library="SeleniumLibrary">
<doc>Click the element identified by ``locator``.</doc>
<arguments>
<arg>id:continue</arg>
</arguments>
<msg timestamp="20210301 11:00:46.112" level="INFO">Clicking element 'id:continue'.</msg>
<status status="PASS" starttime="20210301 11:00:46.111" endtime="20210301 11:00:47.282"></status>
</kw>
<status status="PASS" starttime="20210301 11:00:46.111" endtime="20210301 11:00:47.283"></status>
</kw>
<kw name="Wait Until Page Contains Element" library="SeleniumLibrary">
<doc>Waits until the element ``locator`` appears on the current page.</doc>
<arguments>
<arg>xpath://*[@id="ms-list-2"]/button</arg>
</arguments>
<status status="PASS" starttime="20210301 11:00:47.283" endtime="20210301 11:00:47.306"></status>
</kw>
<kw name="Click Button" library="SeleniumLibrary">
<doc>Clicks the button identified by ``locator``.</doc>
<arguments>
<arg>xpath://*[@id="ms-list-2"]/button</arg>
</arguments>
<msg timestamp="20210301 11:00:47.306" level="INFO">Clicking button 'xpath://*[@id="ms-list-2"]/button'.</msg>
<status status="PASS" starttime="20210301 11:00:47.306" endtime="20210301 11:00:47.391"></status>
</kw>
<kw name="Select Checkbox" library="SeleniumLibrary">
<doc>Selects the checkbox identified by ``locator``.</doc>
<arguments>
<arg>id:ms-opt-8</arg>
</arguments>
<msg timestamp="20210301 11:00:47.392" level="INFO">Selecting checkbox 'id:ms-opt-8'.</msg>
<status status="PASS" starttime="20210301 11:00:47.392" endtime="20210301 11:00:47.483"></status>
</kw>
<kw name="Click Button" library="SeleniumLibrary">
<doc>Clicks the button identified by ``locator``.</doc>
<arguments>
<arg>xpath://*[@id="ms-list-1"]/button</arg>
</arguments>
<msg timestamp="20210301 11:00:47.484" level="INFO">Clicking button 'xpath://*[@id="ms-list-1"]/button'.</msg>
<status status="PASS" starttime="20210301 11:00:47.483" endtime="20210301 11:00:47.561"></status>
</kw>
<kw name="Select Checkbox" library="SeleniumLibrary">
<doc>Selects the checkbox identified by ``locator``.</doc>
<arguments>
<arg>id:ms-opt-3</arg>
</arguments>
<msg timestamp="20210301 11:00:47.562" level="INFO">Selecting checkbox 'id:ms-opt-3'.</msg>
<status status="PASS" starttime="20210301 11:00:47.562" endtime="20210301 11:00:47.655"></status>
</kw>
<kw name="Wait Until Page Contains Element" library="SeleniumLibrary">
<doc>Waits until the element ``locator`` appears on the current page.</doc>
<arguments>
<arg>id:carSelect1</arg>
</arguments>
<status status="PASS" starttime="20210301 11:00:47.656" endtime="20210301 11:00:47.887"></status>
</kw>
<kw name="Click Element" library="SeleniumLibrary">
<doc>Click the element identified by ``locator``.</doc>
<arguments>
<arg>id:carSelect1</arg>
</arguments>
<msg timestamp="20210301 11:00:47.888" level="INFO">Clicking element 'id:carSelect1'.</msg>
<status status="PASS" starttime="20210301 11:00:47.888" endtime="20210301 11:00:48.568"></status>
</kw>
<kw name="Wait Until Page Contains" library="SeleniumLibrary">
<doc>Waits until ``text`` appears on the current page.</doc>
<arguments>
<arg>Confirm booking of Tesla Model X</arg>
</arguments>
<status status="PASS" starttime="20210301 11:00:48.569" endtime="20210301 11:00:48.592"></status>
</kw>
<kw name="Click Element" library="SeleniumLibrary">
<doc>Click the element identified by ``locator``.</doc>
<arguments>
<arg>id:cardNum</arg>
</arguments>
<msg timestamp="20210301 11:00:48.593" level="INFO">Clicking element 'id:cardNum'.</msg>
<status status="PASS" starttime="20210301 11:00:48.593" endtime="20210301 11:00:48.684"></status>
</kw>
<kw name="Input CardNummer" library="Keyword">
<arguments>
<arg>${Card_Nummer}</arg>
</arguments>
<kw name="Wait Until Page Contains Element" library="SeleniumLibrary">
<doc>Waits until the element ``locator`` appears on the current page.</doc>
<arguments>
<arg>id:cardNum</arg>
</arguments>
<status status="PASS" starttime="20210301 11:00:48.685" endtime="20210301 11:00:48.694"></status>
</kw>
<kw name="Input Text" library="SeleniumLibrary">
<doc>Types the given ``text`` into the text field identified by ``locator``.</doc>
<arguments>
<arg>id:cardNum</arg>
<arg>${Card_Nummer}</arg>
</arguments>
<msg timestamp="20210301 11:00:48.696" level="INFO">Typing text '1234567890123456' into text field 'id:cardNum'.</msg>
<status status="PASS" starttime="20210301 11:00:48.695" endtime="20210301 11:00:48.789"></status>
</kw>
<status status="PASS" starttime="20210301 11:00:48.684" endtime="20210301 11:00:48.789"></status>
</kw>
<kw name="Click Element" library="SeleniumLibrary">
<doc>Click the element identified by ``locator``.</doc>
<arguments>
<arg>id:fullName</arg>
</arguments>
<msg timestamp="20210301 11:00:48.789" level="INFO">Clicking element 'id:fullName'.</msg>
<status status="PASS" starttime="20210301 11:00:48.789" endtime="20210301 11:00:48.864"></status>
</kw>
<kw name="Input FullName" library="Keyword">
<arguments>
<arg>${fullName}</arg>
</arguments>
<kw name="Input Text" library="SeleniumLibrary">
<doc>Types the given ``text`` into the text field identified by ``locator``.</doc>
<arguments>
<arg>id:fullName</arg>
<arg>${fullName}</arg>
</arguments>
<msg timestamp="20210301 11:00:48.866" level="INFO">Typing text 'Wasim El-jomaa' into text field 'id:fullName'.</msg>
<status status="PASS" starttime="20210301 11:00:48.865" endtime="20210301 11:00:48.962"></status>
</kw>
<status status="PASS" starttime="20210301 11:00:48.864" endtime="20210301 11:00:48.964"></status>
</kw>
<kw name="Click Element" library="SeleniumLibrary">
<doc>Click the element identified by ``locator``.</doc>
<arguments>
<arg>id:cvc</arg>
</arguments>
<msg timestamp="20210301 11:00:48.965" level="INFO">Clicking element 'id:cvc'.</msg>
<status status="PASS" starttime="20210301 11:00:48.964" endtime="20210301 11:00:49.041"></status>
</kw>
<kw name="Input Card cvc" library="Keyword">
<arguments>
<arg>${Card_cvc}</arg>
</arguments>
<kw name="Input Text" library="SeleniumLibrary">
<doc>Types the given ``text`` into the text field identified by ``locator``.</doc>
<arguments>
<arg>id:cvc</arg>
<arg>${Card_cvc}</arg>
</arguments>
<msg timestamp="20210301 11:00:49.043" level="INFO">Typing text '876' into text field 'id:cvc'.</msg>
<status status="PASS" starttime="20210301 11:00:49.042" endtime="20210301 11:00:49.109"></status>
</kw>
<status status="PASS" starttime="20210301 11:00:49.042" endtime="20210301 11:00:49.109"></status>
</kw>
<kw name="Click Element" library="SeleniumLibrary">
<doc>Click the element identified by ``locator``.</doc>
<arguments>
<arg>id:month7</arg>
</arguments>
<msg timestamp="20210301 11:00:49.110" level="INFO">Clicking element 'id:month7'.</msg>
<status status="PASS" starttime="20210301 11:00:49.110" endtime="20210301 11:00:49.148"></status>
</kw>
<kw name="Click Element" library="SeleniumLibrary">
<doc>Click the element identified by ``locator``.</doc>
<arguments>
<arg>id:month2022</arg>
</arguments>
<msg timestamp="20210301 11:00:49.149" level="INFO">Clicking element 'id:month2022'.</msg>
<status status="PASS" starttime="20210301 11:00:49.149" endtime="20210301 11:00:49.184"></status>
</kw>
<kw name="Click Element" library="SeleniumLibrary">
<doc>Click the element identified by ``locator``.</doc>
<arguments>
<arg>id:confirm</arg>
</arguments>
<msg timestamp="20210301 11:00:49.185" level="INFO">Clicking element 'id:confirm'.</msg>
<status status="PASS" starttime="20210301 11:00:49.185" endtime="20210301 11:00:49.593"></status>
</kw>
<kw name="Wait Until Page Contains" library="SeleniumLibrary">
<doc>Waits until ``text`` appears on the current page.</doc>
<arguments>
<arg>A Tesla Model X is now ready for pickup 2021-03-28</arg>
</arguments>
<status status="PASS" starttime="20210301 11:00:49.593" endtime="20210301 11:00:49.622"></status>
</kw>
<status status="PASS" starttime="20210301 11:00:45.768" endtime="20210301 11:00:49.623"></status>
</kw>
<kw name="Then car should be booked for the user" library="Keyword">
<kw name="Click Element" library="SeleniumLibrary">
<doc>Click the element identified by ``locator``.</doc>
<arguments>
<arg>id:mypage</arg>
</arguments>
<msg timestamp="20210301 11:00:49.623" level="INFO">Clicking element 'id:mypage'.</msg>
<status status="PASS" starttime="20210301 11:00:49.623" endtime="20210301 11:00:50.150"></status>
</kw>
<kw name="Wait Until Page Contains" library="SeleniumLibrary">
<doc>Waits until ``text`` appears on the current page.</doc>
<arguments>
<arg>My bookings</arg>
</arguments>
<status status="PASS" starttime="20210301 11:00:50.150" endtime="20210301 11:00:50.174"></status>
</kw>
<kw name="Table Should Contain" library="SeleniumLibrary">
<doc>Verifies table contains text ``expected``.</doc>
<arguments>
<arg>class:orderTable</arg>
<arg>Tesla</arg>
</arguments>
<status status="PASS" starttime="20210301 11:00:50.174" endtime="20210301 11:00:50.275"></status>
</kw>
<kw name="Table Should Contain" library="SeleniumLibrary">
<doc>Verifies table contains text ``expected``.</doc>
<arguments>
<arg>class:orderTable</arg>
<arg>Model X</arg>
</arguments>
<status status="PASS" starttime="20210301 11:00:50.276" endtime="20210301 11:00:50.328"></status>
</kw>
<kw name="Table Should Contain" library="SeleniumLibrary">
<doc>Verifies table contains text ``expected``.</doc>
<arguments>
<arg>class:orderTable</arg>
<arg>2021-03-28</arg>
</arguments>
<status status="PASS" starttime="20210301 11:00:50.328" endtime="20210301 11:00:50.376"></status>
</kw>
<kw name="Table Should Contain" library="SeleniumLibrary">
<doc>Verifies table contains text ``expected``.</doc>
<arguments>
<arg>class:orderTable</arg>
<arg>2021-04-10</arg>
</arguments>
<status status="PASS" starttime="20210301 11:00:50.376" endtime="20210301 11:00:50.422"></status>
</kw>
<kw name="Click Button" library="SeleniumLibrary">
<doc>Clicks the button identified by ``locator``.</doc>
<arguments>
<arg>id:unBook1</arg>
</arguments>
<msg timestamp="20210301 11:00:50.422" level="INFO">Clicking button 'id:unBook1'.</msg>
<status status="PASS" starttime="20210301 11:00:50.422" endtime="20210301 11:00:50.497"></status>
</kw>
<kw name="Alert Should Be Present" library="SeleniumLibrary">
<doc>Verifies that an alert is present and by default, accepts it.</doc>
<msg timestamp="20210301 11:00:50.497" level="INFO">HANDLE::&lt;class 'NoneType'&gt;::None</msg>
<status status="PASS" starttime="20210301 11:00:50.497" endtime="20210301 11:00:50.504"></status>
</kw>
<kw name="Wait Until Page Contains" library="SeleniumLibrary">
<doc>Waits until ``text`` appears on the current page.</doc>
<arguments>
<arg>has been Returned</arg>
</arguments>
<status status="PASS" starttime="20210301 11:00:50.505" endtime="20210301 11:00:50.840"></status>
</kw>
<kw name="Click Button" library="SeleniumLibrary">
<doc>Clicks the button identified by ``locator``.</doc>
<arguments>
<arg>id:mypage</arg>
</arguments>
<msg timestamp="20210301 11:00:50.842" level="INFO">Clicking button 'id:mypage'.</msg>
<status status="PASS" starttime="20210301 11:00:50.840" endtime="20210301 11:00:51.252"></status>
</kw>
<kw name="Wait Until Page Contains" library="SeleniumLibrary">
<doc>Waits until ``text`` appears on the current page.</doc>
<arguments>
<arg>You have no bookings</arg>
</arguments>
<status status="PASS" starttime="20210301 11:00:51.252" endtime="20210301 11:00:51.272"></status>
</kw>
<status status="PASS" starttime="20210301 11:00:49.623" endtime="20210301 11:00:51.272"></status>
</kw>
<kw name="End Web Test" library="Keyword" type="teardown">
<kw name="Close Browser" library="SeleniumLibrary">
<doc>Closes the current browser.</doc>
<status status="PASS" starttime="20210301 11:00:51.272" endtime="20210301 11:00:53.549"></status>
</kw>
<status status="PASS" starttime="20210301 11:00:51.272" endtime="20210301 11:00:53.550"></status>
</kw>
<doc>This tests the whole booking flow</doc>
<tags>
<tag>VG_Test</tag>
</tags>
<status status="PASS" starttime="20210301 11:00:41.760" endtime="20210301 11:00:53.551" critical="yes"></status>
</test>
<doc>This is some basic info about the whole test suite.</doc>
<status status="PASS" starttime="20210301 10:59:53.943" endtime="20210301 11:00:53.557"></status>
</suite>
<statistics>
<total>
<stat pass="8" fail="0">Critical Tests</stat>
<stat pass="8" fail="0">All Tests</stat>
</total>
<tag>
<stat pass="1" fail="0">testInvalidLogin 1</stat>
<stat pass="1" fail="0">testInvalidLogin 2</stat>
<stat pass="1" fail="0">testInvalidLogin 3</stat>
<stat pass="1" fail="0">testsInvalidBookningDate 1</stat>
<stat pass="1" fail="0">testsInvalidBookningDate 2</stat>
<stat pass="1" fail="0">teststValidLogin</stat>
<stat pass="1" fail="0">testsValidBookningDate 1</stat>
<stat pass="1" fail="0">VG_Test</stat>
</tag>
<suite>
<stat pass="8" fail="0" id="s1" name="Lab2">Lab2</stat>
</suite>
</statistics>
<errors>
</errors>
</robot>
